
========== ./_putchar.c ==========
_putchar

========== ./0-putchar.c ==========
main

========== ./10-add.c ==========
add

========== ./4-isalpha.c ==========
_isalpha

========== ./8-24_hours.c ==========
jack_bauer

========== ./1-alphabet.c ==========
print_alphabet

========== ./7-print_last_digit.c ==========
print_last_digit

========== ./9-times_table.c ==========
times_table

========== ./5-sign.c ==========
print_sign

========== ./2-print_alphabet_x10.c ==========
print_alphabet_x10

========== ./11-print_to_98.c ==========
./11-print_to_98.c:52: WARNING: More than 40 lines in a function
total: 0 errors, 1 warnings, 53 lines checked
print_to_98

========== ./6-abs.c ==========
_abs

========== ./3-islower.c ==========
_islower
